{"C:\\SweetSlice\\SweetSliceNew\\frontend\\src\\component\\AdminPanel.jsx": {"path":"C:\\SweetSlice\\SweetSliceNew\\frontend\\src\\component\\AdminPanel.jsx","statementMap":{"0":{"start":{"line":7,"column":19},"end":{"line":37,"column":1}},"1":{"start":{"line":8,"column":30},"end":{"line":8,"column":53}},"2":{"start":{"line":9,"column":34},"end":{"line":9,"column":46}},"3":{"start":{"line":11,"column":21},"end":{"line":13,"column":3}},"4":{"start":{"line":12,"column":4},"end":{"line":12,"column":72}},"5":{"start":{"line":15,"column":24},"end":{"line":17,"column":3}},"6":{"start":{"line":16,"column":4},"end":{"line":16,"column":63}},"7":{"start":{"line":16,"column":43},"end":{"line":16,"column":60}},"8":{"start":{"line":19,"column":24},"end":{"line":21,"column":3}},"9":{"start":{"line":20,"column":4},"end":{"line":20,"column":102}},"10":{"start":{"line":20,"column":40},"end":{"line":20,"column":99}},"11":{"start":{"line":23,"column":2},"end":{"line":23,"column":42}},"12":{"start":{"line":23,"column":17},"end":{"line":23,"column":42}},"13":{"start":{"line":25,"column":2},"end":{"line":27,"column":3}},"14":{"start":{"line":26,"column":4},"end":{"line":26,"column":46}},"15":{"start":{"line":29,"column":2},"end":{"line":36,"column":4}}},"fnMap":{"0":{"name":"(anonymous_0)","decl":{"start":{"line":7,"column":19},"end":{"line":7,"column":20}},"loc":{"start":{"line":7,"column":25},"end":{"line":37,"column":1}},"line":7},"1":{"name":"(anonymous_1)","decl":{"start":{"line":11,"column":21},"end":{"line":11,"column":22}},"loc":{"start":{"line":11,"column":34},"end":{"line":13,"column":3}},"line":11},"2":{"name":"(anonymous_2)","decl":{"start":{"line":15,"column":24},"end":{"line":15,"column":25}},"loc":{"start":{"line":15,"column":32},"end":{"line":17,"column":3}},"line":15},"3":{"name":"(anonymous_3)","decl":{"start":{"line":16,"column":32},"end":{"line":16,"column":33}},"loc":{"start":{"line":16,"column":43},"end":{"line":16,"column":60}},"line":16},"4":{"name":"(anonymous_4)","decl":{"start":{"line":19,"column":24},"end":{"line":19,"column":25}},"loc":{"start":{"line":19,"column":44},"end":{"line":21,"column":3}},"line":19},"5":{"name":"(anonymous_5)","decl":{"start":{"line":20,"column":29},"end":{"line":20,"column":30}},"loc":{"start":{"line":20,"column":40},"end":{"line":20,"column":99}},"line":20}},"branchMap":{"0":{"loc":{"start":{"line":20,"column":40},"end":{"line":20,"column":99}},"type":"cond-expr","locations":[{"start":{"line":20,"column":75},"end":{"line":20,"column":89}},{"start":{"line":20,"column":92},"end":{"line":20,"column":99}}],"line":20},"1":{"loc":{"start":{"line":23,"column":2},"end":{"line":23,"column":42}},"type":"if","locations":[{"start":{"line":23,"column":2},"end":{"line":23,"column":42}},{"start":{},"end":{}}],"line":23},"2":{"loc":{"start":{"line":25,"column":2},"end":{"line":27,"column":3}},"type":"if","locations":[{"start":{"line":25,"column":2},"end":{"line":27,"column":3}},{"start":{},"end":{}}],"line":25},"3":{"loc":{"start":{"line":25,"column":6},"end":{"line":25,"column":28}},"type":"binary-expr","locations":[{"start":{"line":25,"column":6},"end":{"line":25,"column":11}},{"start":{"line":25,"column":15},"end":{"line":25,"column":28}}],"line":25}},"s":{"0":1,"1":8,"2":8,"3":8,"4":2,"5":8,"6":1,"7":1,"8":8,"9":0,"10":0,"11":8,"12":1,"13":7,"14":1,"15":6},"f":{"0":8,"1":2,"2":1,"3":1,"4":0,"5":0},"b":{"0":[0,0],"1":[1,7],"2":[1,6],"3":[7,7]},"_coverageSchema":"1a1c01bbd47fc00a2c39e90264f33305004495a9","hash":"754f5323eacc3f384da6d5ca45d48501dc0ee3a6"}
,"C:\\SweetSlice\\SweetSliceNew\\frontend\\src\\component\\ProductList.jsx": {"path":"C:\\SweetSlice\\SweetSliceNew\\frontend\\src\\component\\ProductList.jsx","statementMap":{"0":{"start":{"line":4,"column":20},"end":{"line":131,"column":1}},"1":{"start":{"line":5,"column":48},"end":{"line":5,"column":62}},"2":{"start":{"line":6,"column":34},"end":{"line":11,"column":4}},"3":{"start":{"line":12,"column":28},"end":{"line":12,"column":40}},"4":{"start":{"line":13,"column":46},"end":{"line":13,"column":58}},"5":{"start":{"line":15,"column":27},"end":{"line":21,"column":3}},"6":{"start":{"line":23,"column":26},"end":{"line":29,"column":3}},"7":{"start":{"line":31,"column":28},"end":{"line":37,"column":3}},"8":{"start":{"line":32,"column":35},"end":{"line":32,"column":43}},"9":{"start":{"line":33,"column":4},"end":{"line":36,"column":7}},"10":{"start":{"line":39,"column":23},"end":{"line":47,"column":3}},"11":{"start":{"line":40,"column":4},"end":{"line":40,"column":32}},"12":{"start":{"line":41,"column":4},"end":{"line":46,"column":7}},"13":{"start":{"line":49,"column":23},"end":{"line":67,"column":3}},"14":{"start":{"line":50,"column":4},"end":{"line":50,"column":23}},"15":{"start":{"line":51,"column":31},"end":{"line":51,"column":45}},"16":{"start":{"line":52,"column":4},"end":{"line":52,"column":53}},"17":{"start":{"line":53,"column":4},"end":{"line":53,"column":67}},"18":{"start":{"line":54,"column":4},"end":{"line":54,"column":67}},"19":{"start":{"line":55,"column":4},"end":{"line":57,"column":5}},"20":{"start":{"line":56,"column":6},"end":{"line":56,"column":57}},"21":{"start":{"line":59,"column":4},"end":{"line":66,"column":5}},"22":{"start":{"line":60,"column":6},"end":{"line":60,"column":67}},"23":{"start":{"line":61,"column":6},"end":{"line":61,"column":57}},"24":{"start":{"line":62,"column":6},"end":{"line":62,"column":31}},"25":{"start":{"line":64,"column":6},"end":{"line":64,"column":82}},"26":{"start":{"line":65,"column":6},"end":{"line":65,"column":62}},"27":{"start":{"line":69,"column":2},"end":{"line":130,"column":4}},"28":{"start":{"line":74,"column":10},"end":{"line":81,"column":15}},"29":{"start":{"line":79,"column":35},"end":{"line":79,"column":61}},"30":{"start":{"line":80,"column":35},"end":{"line":80,"column":56}},"31":{"start":{"line":123,"column":49},"end":{"line":123,"column":73}}},"fnMap":{"0":{"name":"(anonymous_0)","decl":{"start":{"line":4,"column":20},"end":{"line":4,"column":21}},"loc":{"start":{"line":4,"column":68},"end":{"line":131,"column":1}},"line":4},"1":{"name":"(anonymous_1)","decl":{"start":{"line":31,"column":28},"end":{"line":31,"column":29}},"loc":{"start":{"line":31,"column":35},"end":{"line":37,"column":3}},"line":31},"2":{"name":"(anonymous_2)","decl":{"start":{"line":39,"column":23},"end":{"line":39,"column":24}},"loc":{"start":{"line":39,"column":36},"end":{"line":47,"column":3}},"line":39},"3":{"name":"(anonymous_3)","decl":{"start":{"line":49,"column":23},"end":{"line":49,"column":24}},"loc":{"start":{"line":49,"column":36},"end":{"line":67,"column":3}},"line":49},"4":{"name":"(anonymous_4)","decl":{"start":{"line":73,"column":22},"end":{"line":73,"column":23}},"loc":{"start":{"line":74,"column":10},"end":{"line":81,"column":15}},"line":74},"5":{"name":"(anonymous_5)","decl":{"start":{"line":79,"column":29},"end":{"line":79,"column":30}},"loc":{"start":{"line":79,"column":35},"end":{"line":79,"column":61}},"line":79},"6":{"name":"(anonymous_6)","decl":{"start":{"line":80,"column":29},"end":{"line":80,"column":30}},"loc":{"start":{"line":80,"column":35},"end":{"line":80,"column":56}},"line":80},"7":{"name":"(anonymous_7)","decl":{"start":{"line":123,"column":43},"end":{"line":123,"column":44}},"loc":{"start":{"line":123,"column":49},"end":{"line":123,"column":73}},"line":123}},"branchMap":{"0":{"loc":{"start":{"line":35,"column":14},"end":{"line":35,"column":38}},"type":"cond-expr","locations":[{"start":{"line":35,"column":22},"end":{"line":35,"column":30}},{"start":{"line":35,"column":33},"end":{"line":35,"column":38}}],"line":35},"1":{"loc":{"start":{"line":55,"column":4},"end":{"line":57,"column":5}},"type":"if","locations":[{"start":{"line":55,"column":4},"end":{"line":57,"column":5}},{"start":{},"end":{}}],"line":55},"2":{"loc":{"start":{"line":64,"column":47},"end":{"line":64,"column":80}},"type":"binary-expr","locations":[{"start":{"line":64,"column":47},"end":{"line":64,"column":65}},{"start":{"line":64,"column":69},"end":{"line":64,"column":80}}],"line":64},"3":{"loc":{"start":{"line":85,"column":7},"end":{"line":128,"column":7}},"type":"binary-expr","locations":[{"start":{"line":85,"column":7},"end":{"line":85,"column":22}},{"start":{"line":86,"column":8},"end":{"line":127,"column":14}}],"line":85},"4":{"loc":{"start":{"line":125,"column":11},"end":{"line":125,"column":59}},"type":"binary-expr","locations":[{"start":{"line":125,"column":11},"end":{"line":125,"column":16}},{"start":{"line":125,"column":20},"end":{"line":125,"column":59}}],"line":125},"5":{"loc":{"start":{"line":126,"column":11},"end":{"line":126,"column":79}},"type":"binary-expr","locations":[{"start":{"line":126,"column":11},"end":{"line":126,"column":25}},{"start":{"line":126,"column":29},"end":{"line":126,"column":79}}],"line":126}},"s":{"0":1,"1":4,"2":4,"3":4,"4":4,"5":4,"6":4,"7":4,"8":0,"9":0,"10":4,"11":0,"12":0,"13":4,"14":0,"15":0,"16":0,"17":0,"18":0,"19":0,"20":0,"21":0,"22":0,"23":0,"24":0,"25":0,"26":0,"27":4,"28":8,"29":0,"30":0,"31":0},"f":{"0":4,"1":0,"2":0,"3":0,"4":8,"5":0,"6":0,"7":0},"b":{"0":[0,0],"1":[0,0],"2":[0,0],"3":[4,0],"4":[0,0],"5":[0,0]},"_coverageSchema":"1a1c01bbd47fc00a2c39e90264f33305004495a9","hash":"865a7a1ac46c638d9544e592a4a8f0c9c9e74b00"}
,"C:\\SweetSlice\\SweetSliceNew\\frontend\\src\\component\\UserContext.jsx": {"path":"C:\\SweetSlice\\SweetSliceNew\\frontend\\src\\component\\UserContext.jsx","statementMap":{"0":{"start":{"line":4,"column":20},"end":{"line":4,"column":35}},"1":{"start":{"line":6,"column":28},"end":{"line":45,"column":1}},"2":{"start":{"line":7,"column":26},"end":{"line":7,"column":40}},"3":{"start":{"line":8,"column":36},"end":{"line":8,"column":50}},"4":{"start":{"line":10,"column":2},"end":{"line":38,"column":9}},"5":{"start":{"line":11,"column":22},"end":{"line":35,"column":5}},"6":{"start":{"line":12,"column":6},"end":{"line":34,"column":7}},"7":{"start":{"line":14,"column":22},"end":{"line":14,"column":58}},"8":{"start":{"line":17,"column":8},"end":{"line":21,"column":9}},"9":{"start":{"line":18,"column":10},"end":{"line":18,"column":42}},"10":{"start":{"line":19,"column":10},"end":{"line":19,"column":30}},"11":{"start":{"line":20,"column":10},"end":{"line":20,"column":17}},"12":{"start":{"line":24,"column":25},"end":{"line":28,"column":10}},"13":{"start":{"line":29,"column":8},"end":{"line":29,"column":31}},"14":{"start":{"line":31,"column":8},"end":{"line":31,"column":53}},"15":{"start":{"line":33,"column":8},"end":{"line":33,"column":28}},"16":{"start":{"line":37,"column":4},"end":{"line":37,"column":16}},"17":{"start":{"line":40,"column":2},"end":{"line":44,"column":4}},"18":{"start":{"line":47,"column":30},"end":{"line":47,"column":59}},"19":{"start":{"line":47,"column":36},"end":{"line":47,"column":59}}},"fnMap":{"0":{"name":"(anonymous_0)","decl":{"start":{"line":6,"column":28},"end":{"line":6,"column":29}},"loc":{"start":{"line":6,"column":46},"end":{"line":45,"column":1}},"line":6},"1":{"name":"(anonymous_1)","decl":{"start":{"line":10,"column":12},"end":{"line":10,"column":13}},"loc":{"start":{"line":10,"column":18},"end":{"line":38,"column":3}},"line":10},"2":{"name":"(anonymous_2)","decl":{"start":{"line":11,"column":22},"end":{"line":11,"column":23}},"loc":{"start":{"line":11,"column":34},"end":{"line":35,"column":5}},"line":11},"3":{"name":"(anonymous_3)","decl":{"start":{"line":47,"column":30},"end":{"line":47,"column":31}},"loc":{"start":{"line":47,"column":36},"end":{"line":47,"column":59}},"line":47}},"branchMap":{"0":{"loc":{"start":{"line":17,"column":8},"end":{"line":21,"column":9}},"type":"if","locations":[{"start":{"line":17,"column":8},"end":{"line":21,"column":9}},{"start":{},"end":{}}],"line":17}},"s":{"0":2,"1":2,"2":6,"3":6,"4":6,"5":3,"6":3,"7":3,"8":3,"9":1,"10":1,"11":1,"12":2,"13":1,"14":1,"15":3,"16":3,"17":6,"18":2,"19":6},"f":{"0":6,"1":3,"2":3,"3":6},"b":{"0":[1,2]},"_coverageSchema":"1a1c01bbd47fc00a2c39e90264f33305004495a9","hash":"40094d7881a134631d0b3e27ed44cee37ba908ee"}
,"C:\\SweetSlice\\SweetSliceNew\\frontend\\src\\pages\\Login.jsx": {"path":"C:\\SweetSlice\\SweetSliceNew\\frontend\\src\\pages\\Login.jsx","statementMap":{"0":{"start":{"line":5,"column":14},"end":{"line":102,"column":1}},"1":{"start":{"line":7,"column":34},"end":{"line":10,"column":4}},"2":{"start":{"line":12,"column":28},"end":{"line":12,"column":40}},"3":{"start":{"line":14,"column":46},"end":{"line":14,"column":58}},"4":{"start":{"line":17,"column":23},"end":{"line":20,"column":3}},"5":{"start":{"line":18,"column":28},"end":{"line":18,"column":36}},"6":{"start":{"line":19,"column":4},"end":{"line":19,"column":48}},"7":{"start":{"line":23,"column":23},"end":{"line":42,"column":3}},"8":{"start":{"line":24,"column":4},"end":{"line":24,"column":23}},"9":{"start":{"line":26,"column":4},"end":{"line":41,"column":5}},"10":{"start":{"line":27,"column":23},"end":{"line":27,"column":84}},"11":{"start":{"line":28,"column":6},"end":{"line":28,"column":54}},"12":{"start":{"line":31,"column":24},"end":{"line":31,"column":37}},"13":{"start":{"line":34,"column":6},"end":{"line":34,"column":50}},"14":{"start":{"line":36,"column":6},"end":{"line":36,"column":45}},"15":{"start":{"line":37,"column":6},"end":{"line":37,"column":27}},"16":{"start":{"line":39,"column":6},"end":{"line":39,"column":76}},"17":{"start":{"line":40,"column":6},"end":{"line":40,"column":70}},"18":{"start":{"line":44,"column":2},"end":{"line":101,"column":4}},"19":{"start":{"line":55,"column":33},"end":{"line":55,"column":53}},"20":{"start":{"line":87,"column":22},"end":{"line":87,"column":43}},"21":{"start":{"line":88,"column":22},"end":{"line":88,"column":44}}},"fnMap":{"0":{"name":"(anonymous_0)","decl":{"start":{"line":5,"column":14},"end":{"line":5,"column":15}},"loc":{"start":{"line":5,"column":70},"end":{"line":102,"column":1}},"line":5},"1":{"name":"(anonymous_1)","decl":{"start":{"line":17,"column":23},"end":{"line":17,"column":24}},"loc":{"start":{"line":17,"column":30},"end":{"line":20,"column":3}},"line":17},"2":{"name":"(anonymous_2)","decl":{"start":{"line":23,"column":23},"end":{"line":23,"column":24}},"loc":{"start":{"line":23,"column":36},"end":{"line":42,"column":3}},"line":23},"3":{"name":"(anonymous_3)","decl":{"start":{"line":55,"column":27},"end":{"line":55,"column":28}},"loc":{"start":{"line":55,"column":33},"end":{"line":55,"column":53}},"line":55},"4":{"name":"(anonymous_4)","decl":{"start":{"line":86,"column":29},"end":{"line":86,"column":30}},"loc":{"start":{"line":86,"column":35},"end":{"line":89,"column":21}},"line":86}},"branchMap":{"0":{"loc":{"start":{"line":39,"column":41},"end":{"line":39,"column":74}},"type":"binary-expr","locations":[{"start":{"line":39,"column":41},"end":{"line":39,"column":59}},{"start":{"line":39,"column":63},"end":{"line":39,"column":74}}],"line":39},"1":{"loc":{"start":{"line":46,"column":7},"end":{"line":99,"column":7}},"type":"binary-expr","locations":[{"start":{"line":46,"column":7},"end":{"line":46,"column":17}},{"start":{"line":47,"column":8},"end":{"line":98,"column":14}}],"line":46},"2":{"loc":{"start":{"line":76,"column":17},"end":{"line":76,"column":70}},"type":"binary-expr","locations":[{"start":{"line":76,"column":17},"end":{"line":76,"column":22}},{"start":{"line":76,"column":26},"end":{"line":76,"column":70}}],"line":76},"3":{"loc":{"start":{"line":77,"column":17},"end":{"line":77,"column":90}},"type":"binary-expr","locations":[{"start":{"line":77,"column":17},"end":{"line":77,"column":31}},{"start":{"line":77,"column":35},"end":{"line":77,"column":90}}],"line":77}},"s":{"0":1,"1":11,"2":11,"3":11,"4":11,"5":6,"6":6,"7":11,"8":1,"9":1,"10":1,"11":0,"12":0,"13":0,"14":0,"15":0,"16":1,"17":1,"18":11,"19":0,"20":1,"21":1},"f":{"0":11,"1":6,"2":1,"3":0,"4":1},"b":{"0":[1,0],"1":[11,11],"2":[11,0],"3":[11,0]},"_coverageSchema":"1a1c01bbd47fc00a2c39e90264f33305004495a9","hash":"084f28e5e1fce256315c030f68b845fe9c20cb05"}
,"C:\\SweetSlice\\SweetSliceNew\\frontend\\src\\pages\\RegisterPopup.jsx": {"path":"C:\\SweetSlice\\SweetSliceNew\\frontend\\src\\pages\\RegisterPopup.jsx","statementMap":{"0":{"start":{"line":5,"column":22},"end":{"line":113,"column":1}},"1":{"start":{"line":7,"column":34},"end":{"line":12,"column":4}},"2":{"start":{"line":14,"column":28},"end":{"line":14,"column":40}},"3":{"start":{"line":17,"column":23},"end":{"line":20,"column":3}},"4":{"start":{"line":18,"column":28},"end":{"line":18,"column":36}},"5":{"start":{"line":19,"column":4},"end":{"line":19,"column":48}},"6":{"start":{"line":22,"column":23},"end":{"line":41,"column":3}},"7":{"start":{"line":23,"column":4},"end":{"line":23,"column":23}},"8":{"start":{"line":25,"column":4},"end":{"line":28,"column":5}},"9":{"start":{"line":26,"column":6},"end":{"line":26,"column":41}},"10":{"start":{"line":27,"column":6},"end":{"line":27,"column":13}},"11":{"start":{"line":30,"column":4},"end":{"line":40,"column":5}},"12":{"start":{"line":32,"column":49},"end":{"line":32,"column":57}},"13":{"start":{"line":34,"column":23},"end":{"line":34,"column":87}},"14":{"start":{"line":35,"column":6},"end":{"line":35,"column":61}},"15":{"start":{"line":36,"column":6},"end":{"line":36,"column":30}},"16":{"start":{"line":38,"column":6},"end":{"line":38,"column":82}},"17":{"start":{"line":39,"column":6},"end":{"line":39,"column":57}},"18":{"start":{"line":43,"column":2},"end":{"line":112,"column":4}},"19":{"start":{"line":54,"column":33},"end":{"line":54,"column":56}}},"fnMap":{"0":{"name":"(anonymous_0)","decl":{"start":{"line":5,"column":22},"end":{"line":5,"column":23}},"loc":{"start":{"line":5,"column":63},"end":{"line":113,"column":1}},"line":5},"1":{"name":"(anonymous_1)","decl":{"start":{"line":17,"column":23},"end":{"line":17,"column":24}},"loc":{"start":{"line":17,"column":30},"end":{"line":20,"column":3}},"line":17},"2":{"name":"(anonymous_2)","decl":{"start":{"line":22,"column":23},"end":{"line":22,"column":24}},"loc":{"start":{"line":22,"column":36},"end":{"line":41,"column":3}},"line":22},"3":{"name":"(anonymous_3)","decl":{"start":{"line":54,"column":27},"end":{"line":54,"column":28}},"loc":{"start":{"line":54,"column":33},"end":{"line":54,"column":56}},"line":54}},"branchMap":{"0":{"loc":{"start":{"line":25,"column":4},"end":{"line":28,"column":5}},"type":"if","locations":[{"start":{"line":25,"column":4},"end":{"line":28,"column":5}},{"start":{},"end":{}}],"line":25},"1":{"loc":{"start":{"line":38,"column":47},"end":{"line":38,"column":80}},"type":"binary-expr","locations":[{"start":{"line":38,"column":47},"end":{"line":38,"column":65}},{"start":{"line":38,"column":69},"end":{"line":38,"column":80}}],"line":38},"2":{"loc":{"start":{"line":45,"column":7},"end":{"line":110,"column":7}},"type":"binary-expr","locations":[{"start":{"line":45,"column":7},"end":{"line":45,"column":20}},{"start":{"line":46,"column":8},"end":{"line":109,"column":14}}],"line":45},"3":{"loc":{"start":{"line":97,"column":17},"end":{"line":97,"column":70}},"type":"binary-expr","locations":[{"start":{"line":97,"column":17},"end":{"line":97,"column":22}},{"start":{"line":97,"column":26},"end":{"line":97,"column":70}}],"line":97}},"s":{"0":1,"1":15,"2":15,"3":15,"4":10,"5":10,"6":15,"7":3,"8":3,"9":0,"10":0,"11":0,"12":0,"13":0,"14":0,"15":0,"16":0,"17":0,"18":15,"19":0},"f":{"0":15,"1":10,"2":3,"3":0},"b":{"0":[0,0],"1":[0,0],"2":[15,15],"3":[15,0]},"_coverageSchema":"1a1c01bbd47fc00a2c39e90264f33305004495a9","hash":"6759590b43a28051fa95c4da545d28ca06ff6f7f"}
,"C:\\SweetSlice\\SweetSliceNew\\frontend\\src\\pages\\Productview\\ProductView.jsx": {"path":"C:\\SweetSlice\\SweetSliceNew\\frontend\\src\\pages\\Productview\\ProductView.jsx","statementMap":{"0":{"start":{"line":4,"column":16},"end":{"line":4,"column":40}},"1":{"start":{"line":7,"column":17},"end":{"line":7,"column":28}},"2":{"start":{"line":8,"column":32},"end":{"line":8,"column":46}},"3":{"start":{"line":9,"column":34},"end":{"line":9,"column":45}},"4":{"start":{"line":10,"column":28},"end":{"line":10,"column":42}},"5":{"start":{"line":12,"column":2},"end":{"line":40,"column":11}},"6":{"start":{"line":13,"column":4},"end":{"line":16,"column":5}},"7":{"start":{"line":14,"column":6},"end":{"line":14,"column":49}},"8":{"start":{"line":15,"column":6},"end":{"line":15,"column":13}},"9":{"start":{"line":18,"column":25},"end":{"line":37,"column":5}},"10":{"start":{"line":19,"column":6},"end":{"line":36,"column":7}},"11":{"start":{"line":20,"column":8},"end":{"line":20,"column":55}},"12":{"start":{"line":21,"column":25},"end":{"line":21,"column":78}},"13":{"start":{"line":22,"column":8},"end":{"line":22,"column":43}},"14":{"start":{"line":24,"column":8},"end":{"line":28,"column":9}},"15":{"start":{"line":25,"column":28},"end":{"line":25,"column":49}},"16":{"start":{"line":26,"column":10},"end":{"line":26,"column":50}},"17":{"start":{"line":27,"column":10},"end":{"line":27,"column":37}},"18":{"start":{"line":30,"column":21},"end":{"line":30,"column":42}},"19":{"start":{"line":31,"column":8},"end":{"line":31,"column":51}},"20":{"start":{"line":32,"column":8},"end":{"line":32,"column":25}},"21":{"start":{"line":34,"column":8},"end":{"line":34,"column":56}},"22":{"start":{"line":35,"column":8},"end":{"line":35,"column":32}},"23":{"start":{"line":39,"column":4},"end":{"line":39,"column":19}},"24":{"start":{"line":42,"column":28},"end":{"line":76,"column":3}},"25":{"start":{"line":43,"column":4},"end":{"line":43,"column":23}},"26":{"start":{"line":44,"column":18},"end":{"line":44,"column":54}},"27":{"start":{"line":45,"column":4},"end":{"line":45,"column":40}},"28":{"start":{"line":46,"column":4},"end":{"line":49,"column":5}},"29":{"start":{"line":47,"column":8},"end":{"line":47,"column":43}},"30":{"start":{"line":48,"column":8},"end":{"line":48,"column":15}},"31":{"start":{"line":51,"column":4},"end":{"line":75,"column":5}},"32":{"start":{"line":52,"column":23},"end":{"line":62,"column":8}},"33":{"start":{"line":64,"column":6},"end":{"line":67,"column":7}},"34":{"start":{"line":65,"column":26},"end":{"line":65,"column":47}},"35":{"start":{"line":66,"column":8},"end":{"line":66,"column":35}},"36":{"start":{"line":69,"column":19},"end":{"line":69,"column":40}},"37":{"start":{"line":70,"column":6},"end":{"line":70,"column":41}},"38":{"start":{"line":71,"column":6},"end":{"line":71,"column":42}},"39":{"start":{"line":73,"column":6},"end":{"line":73,"column":51}},"40":{"start":{"line":74,"column":6},"end":{"line":74,"column":53}},"41":{"start":{"line":78,"column":2},"end":{"line":78,"column":42}},"42":{"start":{"line":78,"column":13},"end":{"line":78,"column":42}},"43":{"start":{"line":79,"column":2},"end":{"line":79,"column":41}},"44":{"start":{"line":79,"column":16},"end":{"line":79,"column":41}},"45":{"start":{"line":81,"column":2},"end":{"line":124,"column":4}},"46":{"start":{"line":103,"column":35},"end":{"line":103,"column":62}},"47":{"start":{"line":127,"column":15},"end":{"line":203,"column":1}}},"fnMap":{"0":{"name":"ProductView","decl":{"start":{"line":6,"column":9},"end":{"line":6,"column":20}},"loc":{"start":{"line":6,"column":23},"end":{"line":125,"column":1}},"line":6},"1":{"name":"(anonymous_1)","decl":{"start":{"line":12,"column":12},"end":{"line":12,"column":13}},"loc":{"start":{"line":12,"column":18},"end":{"line":40,"column":3}},"line":12},"2":{"name":"(anonymous_2)","decl":{"start":{"line":18,"column":25},"end":{"line":18,"column":26}},"loc":{"start":{"line":18,"column":37},"end":{"line":37,"column":5}},"line":18},"3":{"name":"(anonymous_3)","decl":{"start":{"line":42,"column":28},"end":{"line":42,"column":29}},"loc":{"start":{"line":42,"column":41},"end":{"line":76,"column":3}},"line":42},"4":{"name":"(anonymous_4)","decl":{"start":{"line":103,"column":28},"end":{"line":103,"column":29}},"loc":{"start":{"line":103,"column":35},"end":{"line":103,"column":62}},"line":103}},"branchMap":{"0":{"loc":{"start":{"line":13,"column":4},"end":{"line":16,"column":5}},"type":"if","locations":[{"start":{"line":13,"column":4},"end":{"line":16,"column":5}},{"start":{},"end":{}}],"line":13},"1":{"loc":{"start":{"line":24,"column":8},"end":{"line":28,"column":9}},"type":"if","locations":[{"start":{"line":24,"column":8},"end":{"line":28,"column":9}},{"start":{},"end":{}}],"line":24},"2":{"loc":{"start":{"line":46,"column":4},"end":{"line":49,"column":5}},"type":"if","locations":[{"start":{"line":46,"column":4},"end":{"line":49,"column":5}},{"start":{},"end":{}}],"line":46},"3":{"loc":{"start":{"line":64,"column":6},"end":{"line":67,"column":7}},"type":"if","locations":[{"start":{"line":64,"column":6},"end":{"line":67,"column":7}},{"start":{},"end":{}}],"line":64},"4":{"loc":{"start":{"line":78,"column":2},"end":{"line":78,"column":42}},"type":"if","locations":[{"start":{"line":78,"column":2},"end":{"line":78,"column":42}},{"start":{},"end":{}}],"line":78},"5":{"loc":{"start":{"line":79,"column":2},"end":{"line":79,"column":41}},"type":"if","locations":[{"start":{"line":79,"column":2},"end":{"line":79,"column":41}},{"start":{},"end":{}}],"line":79},"6":{"loc":{"start":{"line":89,"column":17},"end":{"line":89,"column":113}},"type":"cond-expr","locations":[{"start":{"line":89,"column":50},"end":{"line":89,"column":63}},{"start":{"line":89,"column":66},"end":{"line":89,"column":113}}],"line":89}},"s":{"0":1,"1":0,"2":0,"3":0,"4":0,"5":0,"6":0,"7":0,"8":0,"9":0,"10":0,"11":0,"12":0,"13":0,"14":0,"15":0,"16":0,"17":0,"18":0,"19":0,"20":0,"21":0,"22":0,"23":0,"24":0,"25":0,"26":0,"27":0,"28":0,"29":0,"30":0,"31":0,"32":0,"33":0,"34":0,"35":0,"36":0,"37":0,"38":0,"39":0,"40":0,"41":0,"42":0,"43":0,"44":0,"45":0,"46":0,"47":1},"f":{"0":0,"1":0,"2":0,"3":0,"4":0},"b":{"0":[0,0],"1":[0,0],"2":[0,0],"3":[0,0],"4":[0,0],"5":[0,0],"6":[0,0]},"_coverageSchema":"1a1c01bbd47fc00a2c39e90264f33305004495a9","hash":"fb40781032731207a95e0c7f1eb9ded80c7a5065"}
}
