TN:
SF:src\component\AdminPanel.jsx
FN:7,(anonymous_0)
FN:11,(anonymous_1)
FN:15,(anonymous_2)
FN:16,(anonymous_3)
FN:19,(anonymous_4)
FN:20,(anonymous_5)
FNF:6
FNH:4
FNDA:8,(anonymous_0)
FNDA:2,(anonymous_1)
FNDA:1,(anonymous_2)
FNDA:1,(anonymous_3)
FNDA:0,(anonymous_4)
FNDA:0,(anonymous_5)
DA:7,1
DA:8,8
DA:9,8
DA:11,8
DA:12,2
DA:15,8
DA:16,1
DA:19,8
DA:20,0
DA:23,8
DA:25,7
DA:26,1
DA:29,6
LF:13
LH:12
BRDA:20,0,0,0
BRDA:20,0,1,0
BRDA:23,1,0,1
BRDA:23,1,1,7
BRDA:25,2,0,1
BRDA:25,2,1,6
BRDA:25,3,0,7
BRDA:25,3,1,7
BRF:8
BRH:6
end_of_record
TN:
SF:src\component\ProductList.jsx
FN:4,(anonymous_0)
FN:31,(anonymous_1)
FN:39,(anonymous_2)
FN:49,(anonymous_3)
FN:73,(anonymous_4)
FN:79,(anonymous_5)
FN:80,(anonymous_6)
FN:123,(anonymous_7)
FNF:8
FNH:2
FNDA:4,(anonymous_0)
FNDA:0,(anonymous_1)
FNDA:0,(anonymous_2)
FNDA:0,(anonymous_3)
FNDA:8,(anonymous_4)
FNDA:0,(anonymous_5)
FNDA:0,(anonymous_6)
FNDA:0,(anonymous_7)
DA:4,1
DA:5,4
DA:6,4
DA:12,4
DA:13,4
DA:15,4
DA:23,4
DA:31,4
DA:32,0
DA:33,0
DA:39,4
DA:40,0
DA:41,0
DA:49,4
DA:50,0
DA:51,0
DA:52,0
DA:53,0
DA:54,0
DA:55,0
DA:56,0
DA:59,0
DA:60,0
DA:61,0
DA:62,0
DA:64,0
DA:65,0
DA:69,4
DA:74,8
DA:79,0
DA:80,0
DA:123,0
LF:32
LH:12
BRDA:35,0,0,0
BRDA:35,0,1,0
BRDA:55,1,0,0
BRDA:55,1,1,0
BRDA:64,2,0,0
BRDA:64,2,1,0
BRDA:85,3,0,4
BRDA:85,3,1,0
BRDA:125,4,0,0
BRDA:125,4,1,0
BRDA:126,5,0,0
BRDA:126,5,1,0
BRF:12
BRH:1
end_of_record
TN:
SF:src\component\UserContext.jsx
FN:6,(anonymous_0)
FN:10,(anonymous_1)
FN:11,(anonymous_2)
FN:47,(anonymous_3)
FNF:4
FNH:4
FNDA:6,(anonymous_0)
FNDA:3,(anonymous_1)
FNDA:3,(anonymous_2)
FNDA:6,(anonymous_3)
DA:4,2
DA:6,2
DA:7,6
DA:8,6
DA:10,6
DA:11,3
DA:12,3
DA:14,3
DA:17,3
DA:18,1
DA:19,1
DA:20,1
DA:24,2
DA:29,1
DA:31,1
DA:33,3
DA:37,3
DA:40,6
DA:47,6
LF:19
LH:19
BRDA:17,0,0,1
BRDA:17,0,1,2
BRF:2
BRH:2
end_of_record
TN:
SF:src\pages\Login.jsx
FN:5,(anonymous_0)
FN:17,(anonymous_1)
FN:23,(anonymous_2)
FN:55,(anonymous_3)
FN:86,(anonymous_4)
FNF:5
FNH:4
FNDA:11,(anonymous_0)
FNDA:6,(anonymous_1)
FNDA:1,(anonymous_2)
FNDA:0,(anonymous_3)
FNDA:1,(anonymous_4)
DA:5,1
DA:7,11
DA:12,11
DA:14,11
DA:17,11
DA:18,6
DA:19,6
DA:23,11
DA:24,1
DA:26,1
DA:27,1
DA:28,0
DA:31,0
DA:34,0
DA:36,0
DA:37,0
DA:39,1
DA:40,1
DA:44,11
DA:55,0
DA:87,1
DA:88,1
LF:22
LH:16
BRDA:39,0,0,1
BRDA:39,0,1,0
BRDA:46,1,0,11
BRDA:46,1,1,11
BRDA:76,2,0,11
BRDA:76,2,1,0
BRDA:77,3,0,11
BRDA:77,3,1,0
BRF:8
BRH:5
end_of_record
TN:
SF:src\pages\RegisterPopup.jsx
FN:5,(anonymous_0)
FN:17,(anonymous_1)
FN:22,(anonymous_2)
FN:54,(anonymous_3)
FNF:4
FNH:3
FNDA:15,(anonymous_0)
FNDA:10,(anonymous_1)
FNDA:3,(anonymous_2)
FNDA:0,(anonymous_3)
DA:5,1
DA:7,15
DA:14,15
DA:17,15
DA:18,10
DA:19,10
DA:22,15
DA:23,3
DA:25,3
DA:26,0
DA:27,0
DA:30,0
DA:32,0
DA:34,0
DA:35,0
DA:36,0
DA:38,0
DA:39,0
DA:43,15
DA:54,0
LF:20
LH:10
BRDA:25,0,0,0
BRDA:25,0,1,0
BRDA:38,1,0,0
BRDA:38,1,1,0
BRDA:45,2,0,15
BRDA:45,2,1,15
BRDA:97,3,0,15
BRDA:97,3,1,0
BRF:8
BRH:3
end_of_record
TN:
SF:src\pages\Productview\ProductView.jsx
FN:6,ProductView
FN:12,(anonymous_1)
FN:18,(anonymous_2)
FN:42,(anonymous_3)
FN:103,(anonymous_4)
FNF:5
FNH:0
FNDA:0,ProductView
FNDA:0,(anonymous_1)
FNDA:0,(anonymous_2)
FNDA:0,(anonymous_3)
FNDA:0,(anonymous_4)
DA:4,1
DA:7,0
DA:8,0
DA:9,0
DA:10,0
DA:12,0
DA:13,0
DA:14,0
DA:15,0
DA:18,0
DA:19,0
DA:20,0
DA:21,0
DA:22,0
DA:24,0
DA:25,0
DA:26,0
DA:27,0
DA:30,0
DA:31,0
DA:32,0
DA:34,0
DA:35,0
DA:39,0
DA:42,0
DA:43,0
DA:44,0
DA:45,0
DA:46,0
DA:47,0
DA:48,0
DA:51,0
DA:52,0
DA:64,0
DA:65,0
DA:66,0
DA:69,0
DA:70,0
DA:71,0
DA:73,0
DA:74,0
DA:78,0
DA:79,0
DA:81,0
DA:103,0
DA:127,1
LF:46
LH:2
BRDA:13,0,0,0
BRDA:13,0,1,0
BRDA:24,1,0,0
BRDA:24,1,1,0
BRDA:46,2,0,0
BRDA:46,2,1,0
BRDA:64,3,0,0
BRDA:64,3,1,0
BRDA:78,4,0,0
BRDA:78,4,1,0
BRDA:79,5,0,0
BRDA:79,5,1,0
BRDA:89,6,0,0
BRDA:89,6,1,0
BRF:14
BRH:0
end_of_record
